<?xml version="1.0" encoding="UTF-8"?>
<!-- Generated by org.testng.reporters.JUnitXMLReporter -->
<testsuite ignored="0" hostname="DESKTOP-USC532Q" failures="0" tests="4" name="Default test" time="0.174" errors="0" timestamp="2021-05-18T12:11:07 IST">
  <testcase classname="QKTraining.CalcilatorAPIDemo.TestMultiplication" name="@BeforeSuite CreateResultFolder" time="-1.62132006731E9">
    <failure type="org.testng.TestNGException" message="
Parameter &amp;apos;RequestID&amp;apos; is required by BeforeSuite on method CreateResultFolder but has not been marked @Optional or defined
in C:\Users\Rutuja\AppData\Local\Temp\testng-eclipse--1895654522\testng-customsuite.xml">
      <![CDATA[org.testng.TestNGException: 
Parameter 'RequestID' is required by BeforeSuite on method CreateResultFolder but has not been marked @Optional or defined
in C:\Users\Rutuja\AppData\Local\Temp\testng-eclipse--1895654522\testng-customsuite.xml
at org.testng.internal.Parameters.createParams(Parameters.java:268)
at org.testng.internal.Parameters.createParametersForMethod(Parameters.java:356)
at org.testng.internal.Parameters.createParameters(Parameters.java:700)
at org.testng.internal.Parameters.createConfigurationParameters(Parameters.java:166)
at org.testng.internal.ConfigInvoker.invokeConfigurations(ConfigInvoker.java:301)
at org.testng.SuiteRunner.privateRun(SuiteRunner.java:327)
at org.testng.SuiteRunner.run(SuiteRunner.java:286)
at org.testng.SuiteRunnerWorker.runSuite(SuiteRunnerWorker.java:53)
at org.testng.SuiteRunnerWorker.run(SuiteRunnerWorker.java:96)
at org.testng.TestNG.runSuitesSequentially(TestNG.java:1218)
at org.testng.TestNG.runSuitesLocally(TestNG.java:1140)
at org.testng.TestNG.runSuites(TestNG.java:1069)
at org.testng.TestNG.run(TestNG.java:1037)
at org.testng.remote.AbstractRemoteTestNG.run(AbstractRemoteTestNG.java:115)
at org.testng.remote.RemoteTestNG.initAndRun(RemoteTestNG.java:251)
at org.testng.remote.RemoteTestNG.main(RemoteTestNG.java:77)
]]>
    </failure>
  </testcase> <!-- @BeforeSuite CreateResultFolder -->
  <testcase classname="QKTraining.CalcilatorAPIDemo.TestMultiplication" name="@BeforeClass Init" time="-1.621320067387E9">
    <skipped/>
  </testcase> <!-- @BeforeClass Init -->
  <testcase classname="QKTraining.CalcilatorAPIDemo.TestMultiplication" name="@BeforeMethod ReInitialiseResult" time="-1.621320067438E9">
    <skipped/>
  </testcase> <!-- @BeforeMethod ReInitialiseResult -->
  <testcase classname="QKTraining.CalcilatorAPIDemo.TestMultiplication" name="@BeforeMethod ReInitialiseResult" time="-1.621320067455E9">
    <skipped/>
  </testcase> <!-- @BeforeMethod ReInitialiseResult -->
  <testcase classname="QKTraining.CalcilatorAPIDemo.TestMultiplication" name="@BeforeMethod ReInitialiseResult" time="-1.621320067471E9">
    <skipped/>
  </testcase> <!-- @BeforeMethod ReInitialiseResult -->
  <testcase classname="QKTraining.CalcilatorAPIDemo.TestMultiplication" name="@BeforeMethod ReInitialiseResult" time="-1.621320067484E9">
    <skipped/>
  </testcase> <!-- @BeforeMethod ReInitialiseResult -->
  <testcase classname="QKTraining.CalcilatorAPIDemo.TestMultiplication" name="TestMultiplicationWithPositiveValues" time="0.0">
    <skipped/>
  </testcase> <!-- TestMultiplicationWithPositiveValues -->
  <testcase classname="QKTraining.CalcilatorAPIDemo.TestMultiplication" name="TestMultiplicationWithPositiveValues" time="0.0">
    <skipped/>
  </testcase> <!-- TestMultiplicationWithPositiveValues -->
  <testcase classname="QKTraining.CalcilatorAPIDemo.TestMultiplication" name="TestMultiplicationWithPositiveValues" time="0.0">
    <skipped/>
  </testcase> <!-- TestMultiplicationWithPositiveValues -->
  <testcase classname="QKTraining.CalcilatorAPIDemo.TestMultiplication" name="TestMultiplicationWithPositiveValues" time="0.0">
    <skipped/>
  </testcase> <!-- TestMultiplicationWithPositiveValues -->
</testsuite> <!-- Default test -->
